<?xml version="1.0" encoding="UTF-8"?>
<!-- Generated by org.testng.reporters.JUnitXMLReporter -->
<testsuite hostname="CHNIDC0877" name="Test(failed)(failed)" tests="3" failures="3" timestamp="22 Oct 2018 11:58:18 GMT" time="0.045" errors="0">
  <testcase name="verifyrowsperpage" time="0.021" classname="test.testngdemo1">
    <failure type="java.lang.NullPointerException">
      <![CDATA[java.lang.NullPointerException
	at pages.Homepage.homelink(Homepage.java:22)
	at test.testngdemo1.verifyrowsperpage(testngdemo1.java:142)
... Removed 24 stack frames]]>
    </failure>
  </testcase> <!-- verifyrowsperpage -->
  <testcase name="verify_backbutton_documentdetails" time="0.002" classname="test.testngdemo1">
    <failure type="java.lang.NullPointerException">
      <![CDATA[java.lang.NullPointerException
	at pages.Homepage.homelink(Homepage.java:22)
	at test.testngdemo1.verify_backbutton_documentdetails(testngdemo1.java:206)
... Removed 24 stack frames]]>
    </failure>
  </testcase> <!-- verify_backbutton_documentdetails -->
  <testcase name="verifydocumentaddedtocart" time="0.002" classname="test.testngdemo1">
    <failure type="java.lang.NullPointerException">
      <![CDATA[java.lang.NullPointerException
	at pages.Homepage.homelink(Homepage.java:22)
	at test.testngdemo1.verifydocumentaddedtocart(testngdemo1.java:231)
... Removed 24 stack frames]]>
    </failure>
  </testcase> <!-- verifydocumentaddedtocart -->
</testsuite> <!-- Test(failed)(failed) -->
