<?xml version="1.0" encoding="UTF-8"?>
<testng-results skipped="0" failed="0" total="2" passed="2">
  <reporter-output>
  </reporter-output>
  <suite name="Suite" duration-ms="21387" started-at="2018-12-29T08:21:46Z" finished-at="2018-12-29T08:22:08Z">
    <groups>
    </groups>
    <test name="Test" duration-ms="21387" started-at="2018-12-29T08:21:46Z" finished-at="2018-12-29T08:22:08Z">
      <class name="test.CRM_login">
        <test-method status="PASS" signature="launchapp()[pri:0, instance:test.CRM_login@70fda8]" name="launchapp" duration-ms="12105" started-at="2018-12-29T13:51:46Z" finished-at="2018-12-29T13:51:58Z">
          <reporter-output>
          </reporter-output>
        </test-method> <!-- launchapp -->
        <test-method status="PASS" signature="userlogin()[pri:0, instance:test.CRM_login@70fda8]" name="userlogin" duration-ms="9257" started-at="2018-12-29T13:51:58Z" finished-at="2018-12-29T13:52:08Z">
          <reporter-output>
          </reporter-output>
        </test-method> <!-- userlogin -->
      </class> <!-- test.CRM_login -->
    </test> <!-- Test -->
  </suite> <!-- Suite -->
</testng-results>
