<?xml version="1.0" encoding="UTF-8"?>
<testng-results skipped="0" failed="0" total="2" passed="2">
  <reporter-output>
  </reporter-output>
  <suite name="Default suite" duration-ms="21138" started-at="2018-12-21T02:12:27Z" finished-at="2018-12-21T02:12:48Z">
    <groups>
    </groups>
    <test name="Default test" duration-ms="21138" started-at="2018-12-21T02:12:27Z" finished-at="2018-12-21T02:12:48Z">
      <class name="test.Dynamicwebtable_practice">
        <test-method status="PASS" signature="findrowsandcolumn()[pri:0, instance:test.Dynamicwebtable_practice@2b98378d]" name="findrowsandcolumn" duration-ms="21023" started-at="2018-12-21T07:42:27Z" finished-at="2018-12-21T07:42:48Z">
          <reporter-output>
          </reporter-output>
        </test-method> <!-- findrowsandcolumn -->
        <test-method status="PASS" signature="particular_row_column()[pri:0, instance:test.Dynamicwebtable_practice@2b98378d]" name="particular_row_column" duration-ms="98" started-at="2018-12-21T07:42:48Z" finished-at="2018-12-21T07:42:48Z">
          <reporter-output>
          </reporter-output>
        </test-method> <!-- particular_row_column -->
      </class> <!-- test.Dynamicwebtable_practice -->
    </test> <!-- Default test -->
  </suite> <!-- Default suite -->
</testng-results>
